2026-05-18 15:15:49,494 | INFO | === coffee_replay_safe 启动 ===
2026-05-18 15:15:49,494 | INFO | DEFAULT_ROBOT_VERSION=3.0
2026-05-18 15:15:49,494 | INFO | log_file=logs/coffee_replay_safe_20260518_151549.log
2026-05-18 15:15:49,494 | INFO | dry_run=True
2026-05-18 15:15:49,494 | INFO | execute=False
2026-05-18 15:15:49,494 | INFO | selected_stage=right_hand_grasp_cup
2026-05-18 15:15:49,494 | INFO | resolved_stages=right_hand_grasp_cup
2026-05-18 15:15:49,494 | INFO | 当前为 dry-run：不会连接机器人，不会执行任何 SDK 动作。
2026-05-18 15:15:49,494 | INFO | 即将执行阶段：right_hand_grasp_cup
2026-05-18 15:15:49,494 | INFO | 该阶段涉及部件：right_arm / right_gripper / left_gripper
2026-05-18 15:15:49,494 | INFO | 风险提示：右手接近杯子抓取，需确认杯位、桌边和夹爪周围无人手靠近。
2026-05-18 15:15:49,494 | INFO | dry-run 模式：跳过人工确认，不连接机器人，不执行动作。
2026-05-18 15:15:49,495 | INFO | 阶段开始：right_hand_grasp_cup
2026-05-18 15:15:49,495 | INFO | [right_hand_grasp_cup] DRY-RUN Action 001 | 右夹爪初始化为闭合 | robot.right_gripper.close()
2026-05-18 15:15:49,495 | INFO | [right_hand_grasp_cup] DRY-RUN Action 002 | 左夹爪初始化为闭合 | robot.left_gripper.close()
2026-05-18 15:15:49,495 | INFO | [right_hand_grasp_cup] DRY-RUN Action 003 | 右夹爪打开准备抓杯 | robot.right_gripper.open()
2026-05-18 15:15:49,495 | INFO | [right_hand_grasp_cup] DRY-RUN Action 004 | 右肩俯仰到抓杯预备位 | robot.right_arm.set_shoulder_pitch(0.7, block=False)
2026-05-18 15:15:49,495 | INFO | [right_hand_grasp_cup] Action 004 使用 block=False
2026-05-18 15:15:49,495 | INFO | [right_hand_grasp_cup] DRY-RUN Action 005 | 右肩翻滚到抓杯预备位 | robot.right_arm.set_shoulder_roll(-0.42, block=False)
2026-05-18 15:15:49,495 | INFO | [right_hand_grasp_cup] Action 005 使用 block=False
2026-05-18 15:15:49,495 | INFO | [right_hand_grasp_cup] DRY-RUN Action 006 | 右腕翻滚对齐杯把方向 | robot.right_arm.set_wrist_roll(0.1, block=True)
2026-05-18 15:15:49,495 | INFO | [right_hand_grasp_cup] DRY-RUN Action 007 | 右肘下探接近杯子 | robot.right_arm.set_elbow_pitch(1.0, block=False)
2026-05-18 15:15:49,495 | INFO | [right_hand_grasp_cup] Action 007 使用 block=False
2026-05-18 15:15:49,495 | INFO | [right_hand_grasp_cup] DRY-RUN Action 008 | 右腕俯仰微调抓取姿态 | robot.right_arm.set_wrist_pitch(0.1, block=True)
2026-05-18 15:15:49,495 | INFO | [right_hand_grasp_cup] DRY-RUN Action 009 | sleep(1.00) | 保留原始抓杯前等待
2026-05-18 15:15:49,495 | INFO | [right_hand_grasp_cup] DRY-RUN Action 010 | 右夹爪收至抓杯位置 | robot.right_gripper.set_position(0.6)
2026-05-18 15:15:49,495 | INFO | [right_hand_grasp_cup] DRY-RUN Action 011 | sleep(1.00) | 保留原始抓杯后等待
2026-05-18 15:15:49,496 | INFO | [right_hand_grasp_cup] DRY-RUN Action 012 | 右肘抬起准备离开杯架 | robot.right_arm.set_elbow_pitch(0.6, block=False)
2026-05-18 15:15:49,496 | INFO | [right_hand_grasp_cup] Action 012 使用 block=False
2026-05-18 15:15:49,496 | INFO | [right_hand_grasp_cup] DRY-RUN Action 013 | 右肩俯仰抬杯离桌 | robot.right_arm.set_shoulder_pitch(0.6, block=True)
2026-05-18 15:15:49,496 | INFO | [right_hand_grasp_cup] DRY-RUN Action 014 | robot.wait() | 阶段结束统一等待，兜底处理 block=False 动作
2026-05-18 15:15:49,496 | INFO | [right_hand_grasp_cup] DRY-RUN Action 015 | sleep(0.50) | 阶段结束后观察停稳
2026-05-18 15:15:49,496 | INFO | 阶段结束：right_hand_grasp_cup
2026-05-18 15:15:49,496 | INFO | 全部请求阶段执行完成。
