2026-05-18 15:19:07,585 | INFO | === coffee_replay_safe 启动 ===
2026-05-18 15:19:07,585 | INFO | DEFAULT_ROBOT_VERSION=3.0
2026-05-18 15:19:07,585 | INFO | log_file=logs/coffee_replay_safe_20260518_151907.log
2026-05-18 15:19:07,585 | INFO | dry_run=False
2026-05-18 15:19:07,585 | INFO | execute=True
2026-05-18 15:19:07,585 | INFO | selected_stage=right_hand_move_to_coffee_machine
2026-05-18 15:19:07,586 | INFO | resolved_stages=right_hand_move_to_coffee_machine
2026-05-18 15:19:07,586 | WARNING | 当前为 execute：将尝试连接机器人并执行实机动作。
2026-05-18 15:19:09,623 | INFO | 即将执行阶段：right_hand_move_to_coffee_machine
2026-05-18 15:19:09,623 | INFO | 该阶段涉及部件：right_arm / right_gripper
2026-05-18 15:19:09,623 | INFO | 风险提示：右手横向送杯到咖啡机，注意肩部扫掠范围和咖啡机前方碰撞风险。
2026-05-18 15:19:11,762 | INFO | 阶段开始：right_hand_move_to_coffee_machine
2026-05-18 15:19:11,762 | INFO | [right_hand_move_to_coffee_machine] Action 001 | 右肩翻滚离开抓杯位 | robot.right_arm.set_shoulder_roll(0.3)
2026-05-18 15:19:12,777 | INFO | [right_hand_move_to_coffee_machine] Action 002 | 右肩俯仰朝向咖啡机 | robot.right_arm.set_shoulder_pitch(0.7, block=False)
2026-05-18 15:19:12,777 | INFO | [right_hand_move_to_coffee_machine] Action 002 使用 block=False
2026-05-18 15:19:12,777 | INFO | [right_hand_move_to_coffee_machine] Action 003 | 右肩翻滚横向送杯到咖啡机 | robot.right_arm.set_shoulder_roll(0.65, block=False)
2026-05-18 15:19:12,777 | INFO | [right_hand_move_to_coffee_machine] Action 003 使用 block=False
2026-05-18 15:19:12,777 | INFO | [right_hand_move_to_coffee_machine] Action 004 | 右腕翻滚调整接咖啡角度 | robot.right_arm.set_wrist_roll(-0.3)
2026-05-18 15:19:13,792 | INFO | [right_hand_move_to_coffee_machine] Action 005 | 右肩俯仰继续送杯到咖啡出口 | robot.right_arm.set_shoulder_pitch(0.98, block=False)
2026-05-18 15:19:13,792 | INFO | [right_hand_move_to_coffee_machine] Action 005 使用 block=False
2026-05-18 15:19:13,793 | INFO | [right_hand_move_to_coffee_machine] Action 006 | 右肘俯仰配合送杯到最终接咖啡位 | robot.right_arm.set_elbow_pitch(0.98, block=False)
2026-05-18 15:19:13,793 | INFO | [right_hand_move_to_coffee_machine] Action 006 使用 block=False
2026-05-18 15:19:13,793 | INFO | [right_hand_move_to_coffee_machine] Action 007 | 右腕翻滚微调接咖啡姿态 | robot.right_arm.set_wrist_roll(-0.68, block=False)
2026-05-18 15:19:13,793 | INFO | [right_hand_move_to_coffee_machine] Action 007 使用 block=False
2026-05-18 15:19:13,793 | INFO | [right_hand_move_to_coffee_machine] Action 008 | 右腕俯仰归零以对齐杯口 | robot.right_arm.set_wrist_pitch(0.0, block=True)
2026-05-18 15:19:14,807 | INFO | [right_hand_move_to_coffee_machine] Action 009 | robot.wait() | 阶段结束统一等待，兜底处理 block=False 动作
2026-05-18 15:19:16,388 | INFO | [right_hand_move_to_coffee_machine] Action 010 | sleep(0.50) | 阶段结束后观察停稳
2026-05-18 15:19:16,889 | INFO | 阶段结束：right_hand_move_to_coffee_machine
2026-05-18 15:19:16,889 | INFO | 全部请求阶段执行完成。
2026-05-18 15:19:16,889 | INFO | finally: 已尝试调用 robot.stop()
2026-05-18 15:19:17,026 | INFO | finally: 已尝试调用 robot.disconnect()
