2026-05-18 15:19:45,403 | INFO | === coffee_replay_safe 启动 ===
2026-05-18 15:19:45,403 | INFO | DEFAULT_ROBOT_VERSION=3.0
2026-05-18 15:19:45,403 | INFO | log_file=logs/coffee_replay_safe_20260518_151945.log
2026-05-18 15:19:45,403 | INFO | dry_run=False
2026-05-18 15:19:45,403 | INFO | execute=True
2026-05-18 15:19:45,403 | INFO | selected_stage=right_hand_retreat_after_coffee
2026-05-18 15:19:45,403 | INFO | resolved_stages=right_hand_retreat_after_coffee
2026-05-18 15:19:45,403 | WARNING | 当前为 execute：将尝试连接机器人并执行实机动作。
2026-05-18 15:19:47,635 | INFO | 即将执行阶段：right_hand_retreat_after_coffee
2026-05-18 15:19:47,635 | INFO | 该阶段涉及部件：right_arm / right_gripper
2026-05-18 15:19:47,635 | INFO | 风险提示：右手带杯回撤，注意杯体晃动和肩腕回撤路径。
2026-05-18 15:19:48,434 | INFO | 阶段开始：right_hand_retreat_after_coffee
2026-05-18 15:19:48,434 | INFO | [right_hand_retreat_after_coffee] Action 001 | 右臂从咖啡机位置回撤到 home | robot.right_arm.home()
2026-05-18 15:19:49,449 | INFO | [right_hand_retreat_after_coffee] Action 002 | 右肩翻滚切到后续接奶中间姿态 | robot.right_arm.set_shoulder_roll(0.6, block=False)
2026-05-18 15:19:49,449 | INFO | [right_hand_retreat_after_coffee] Action 002 使用 block=False
2026-05-18 15:19:49,449 | INFO | [right_hand_retreat_after_coffee] Action 003 | 右腕俯仰切到后续接奶中间姿态 | robot.right_arm.set_wrist_pitch(-0.3, block=True)
2026-05-18 15:19:50,464 | INFO | [right_hand_retreat_after_coffee] Action 004 | robot.wait() | 阶段结束统一等待，兜底处理 block=False 动作
2026-05-18 15:19:52,000 | INFO | [right_hand_retreat_after_coffee] Action 005 | sleep(0.50) | 阶段结束后观察停稳
2026-05-18 15:19:52,500 | INFO | 阶段结束：right_hand_retreat_after_coffee
2026-05-18 15:19:52,500 | INFO | 全部请求阶段执行完成。
2026-05-18 15:19:52,500 | INFO | finally: 已尝试调用 robot.stop()
2026-05-18 15:19:52,521 | INFO | finally: 已尝试调用 robot.disconnect()
